TN:
SF:/Users/andeladeveloper/Desktop/Post-it-app/client/src/js/index.jsx
FN:14,_interopRequireDefault
FN:18,(anonymous_1)
FNF:2
FNH:0
FNDA:0,_interopRequireDefault
FNDA:0,(anonymous_1)
DA:1,0
DA:2,0
DA:3,0
DA:4,0
DA:5,0
DA:6,0
DA:8,0
DA:9,0
DA:10,0
DA:11,0
DA:12,0
DA:13,0
DA:14,0
DA:17,0
DA:18,0
DA:22,0
LF:16
LH:0
BRDA:14,0,0,0
BRDA:14,0,1,0
BRDA:14,1,0,0
BRDA:14,1,1,0
BRDA:18,2,0,0
BRDA:18,2,1,0
BRDA:18,3,0,0
BRDA:18,3,1,0
BRF:8
BRH:0
end_of_record
TN:
SF:/Users/andeladeveloper/Desktop/Post-it-app/client/src/js/actions/appActions.js
FN:8,(anonymous_0)
FN:14,(anonymous_1)
FN:21,(anonymous_2)
FNF:3
FNH:0
FNDA:0,(anonymous_0)
FNDA:0,(anonymous_1)
FNDA:0,(anonymous_2)
DA:8,1
DA:14,1
DA:21,1
LF:3
LH:3
BRF:0
BRH:0
end_of_record
TN:
SF:/Users/andeladeveloper/Desktop/Post-it-app/client/src/js/actions/groupAction.js
FN:16,(anonymous_0)
FN:17,(anonymous_1)
FN:23,(anonymous_2)
FN:36,(anonymous_3)
FN:38,(anonymous_4)
FN:43,(anonymous_5)
FNF:6
FNH:0
FNDA:0,(anonymous_0)
FNDA:0,(anonymous_1)
FNDA:0,(anonymous_2)
FNDA:0,(anonymous_3)
FNDA:0,(anonymous_4)
FNDA:0,(anonymous_5)
DA:16,2
DA:19,0
DA:24,0
DA:36,2
DA:39,0
DA:44,0
LF:6
LH:2
BRF:0
BRH:0
end_of_record
TN:
SF:/Users/andeladeveloper/Desktop/Post-it-app/client/src/js/actions/memberActions.js
FN:16,(anonymous_0)
FN:18,(anonymous_1)
FN:24,(anonymous_2)
FN:37,(anonymous_3)
FN:38,(anonymous_4)
FN:44,(anonymous_5)
FN:57,(anonymous_6)
FN:59,(anonymous_7)
FN:64,(anonymous_8)
FNF:9
FNH:0
FNDA:0,(anonymous_0)
FNDA:0,(anonymous_1)
FNDA:0,(anonymous_2)
FNDA:0,(anonymous_3)
FNDA:0,(anonymous_4)
FNDA:0,(anonymous_5)
FNDA:0,(anonymous_6)
FNDA:0,(anonymous_7)
FNDA:0,(anonymous_8)
DA:16,3
DA:19,0
DA:25,0
DA:37,3
DA:40,0
DA:45,0
DA:57,3
DA:60,0
DA:65,0
LF:9
LH:3
BRF:0
BRH:0
end_of_record
TN:
SF:/Users/andeladeveloper/Desktop/Post-it-app/client/src/js/actions/messageActions.js
FN:19,(anonymous_0)
FN:20,(anonymous_1)
FN:25,(anonymous_2)
FN:37,(anonymous_3)
FN:39,(anonymous_4)
FN:44,(anonymous_5)
FN:56,(anonymous_6)
FN:58,(anonymous_7)
FN:63,(anonymous_8)
FN:75,(anonymous_9)
FN:77,(anonymous_10)
FN:82,(anonymous_11)
FNF:12
FNH:0
FNDA:0,(anonymous_0)
FNDA:0,(anonymous_1)
FNDA:0,(anonymous_2)
FNDA:0,(anonymous_3)
FNDA:0,(anonymous_4)
FNDA:0,(anonymous_5)
FNDA:0,(anonymous_6)
FNDA:0,(anonymous_7)
FNDA:0,(anonymous_8)
FNDA:0,(anonymous_9)
FNDA:0,(anonymous_10)
FNDA:0,(anonymous_11)
DA:19,3
DA:21,0
DA:26,0
DA:37,3
DA:40,0
DA:45,0
DA:56,3
DA:59,0
DA:64,0
DA:75,3
DA:78,0
DA:83,0
LF:12
LH:4
BRF:0
BRH:0
end_of_record
TN:
SF:/Users/andeladeveloper/Desktop/Post-it-app/client/src/js/actions/resetPasswordActions.js
FN:8,(anonymous_0)
FNF:1
FNH:0
FNDA:0,(anonymous_0)
DA:8,1
LF:1
LH:1
BRF:0
BRH:0
end_of_record
TN:
SF:/Users/andeladeveloper/Desktop/Post-it-app/client/src/js/actions/signInActions.js
FN:8,(anonymous_0)
FN:10,(anonymous_1)
FNF:2
FNH:0
FNDA:0,(anonymous_0)
FNDA:0,(anonymous_1)
DA:8,1
DA:10,1
LF:2
LH:2
BRF:0
BRH:0
end_of_record
TN:
SF:/Users/andeladeveloper/Desktop/Post-it-app/client/src/js/actions/signOutActions.js
FN:8,(anonymous_0)
FNF:1
FNH:0
FNDA:0,(anonymous_0)
DA:8,2
LF:1
LH:1
BRF:0
BRH:0
end_of_record
TN:
SF:/Users/andeladeveloper/Desktop/Post-it-app/client/src/js/actions/signUpActions.js
FN:8,(anonymous_0)
FNF:1
FNH:0
FNDA:0,(anonymous_0)
DA:8,2
LF:1
LH:1
BRF:0
BRH:0
end_of_record
TN:
SF:/Users/andeladeveloper/Desktop/Post-it-app/client/src/js/components/navBar.jsx
FN:15,(anonymous_0)
FNF:1
FNH:1
FNDA:2,(anonymous_0)
DA:16,2
LF:1
LH:1
BRF:0
BRH:0
end_of_record
TN:
SF:/Users/andeladeveloper/Desktop/Post-it-app/client/src/js/components/userAddMember.jsx
FN:24,(anonymous_0)
FN:42,(anonymous_1)
FN:47,(anonymous_2)
FN:51,(anonymous_3)
FN:56,(anonymous_4)
FN:68,(anonymous_5)
FN:79,(anonymous_6)
FN:92,(anonymous_7)
FN:101,(anonymous_8)
FN:116,(anonymous_9)
FN:118,(anonymous_10)
FN:124,(anonymous_11)
FN:136,(anonymous_12)
FN:183,(anonymous_13)
FN:195,(anonymous_14)
FNF:15
FNH:0
FNDA:0,(anonymous_0)
FNDA:0,(anonymous_1)
FNDA:0,(anonymous_2)
FNDA:0,(anonymous_3)
FNDA:0,(anonymous_4)
FNDA:0,(anonymous_5)
FNDA:0,(anonymous_6)
FNDA:0,(anonymous_7)
FNDA:0,(anonymous_8)
FNDA:0,(anonymous_9)
FNDA:0,(anonymous_10)
FNDA:0,(anonymous_11)
FNDA:0,(anonymous_12)
FNDA:0,(anonymous_13)
FNDA:0,(anonymous_14)
DA:25,0
DA:26,0
DA:27,0
DA:36,0
DA:37,0
DA:38,0
DA:39,0
DA:43,0
DA:44,0
DA:48,0
DA:49,0
DA:52,0
DA:53,0
DA:57,0
DA:69,0
DA:80,0
DA:81,0
DA:91,0
DA:93,0
DA:94,0
DA:98,0
DA:99,0
DA:102,0
DA:103,0
DA:107,0
DA:117,0
DA:119,0
DA:120,0
DA:121,0
DA:122,0
DA:125,0
DA:126,0
DA:137,0
DA:138,0
DA:142,0
DA:184,0
DA:196,0
DA:215,1
LF:38
LH:1
BRDA:93,0,0,0
BRDA:93,0,1,0
BRDA:102,1,0,0
BRDA:102,1,1,0
BRDA:125,2,0,0
BRDA:125,2,1,0
BRDA:137,3,0,0
BRDA:137,3,1,0
BRF:8
BRH:0
end_of_record
TN:
SF:/Users/andeladeveloper/Desktop/Post-it-app/client/src/js/components/userApp.jsx
FN:16,(anonymous_0)
FNF:1
FNH:1
FNDA:2,(anonymous_0)
DA:17,2
LF:1
LH:1
BRF:0
BRH:0
end_of_record
TN:
SF:/Users/andeladeveloper/Desktop/Post-it-app/client/src/js/components/userBroadCastBoard.jsx
FN:27,(anonymous_0)
FN:48,(anonymous_1)
FN:53,(anonymous_2)
FN:58,(anonymous_3)
FN:63,(anonymous_4)
FN:65,(anonymous_5)
FN:74,(anonymous_6)
FN:86,(anonymous_7)
FN:97,(anonymous_8)
FN:98,(anonymous_9)
FN:105,(anonymous_10)
FN:120,(anonymous_11)
FN:126,(anonymous_12)
FN:130,(anonymous_13)
FNF:14
FNH:0
FNDA:0,(anonymous_0)
FNDA:0,(anonymous_1)
FNDA:0,(anonymous_2)
FNDA:0,(anonymous_3)
FNDA:0,(anonymous_4)
FNDA:0,(anonymous_5)
FNDA:0,(anonymous_6)
FNDA:0,(anonymous_7)
FNDA:0,(anonymous_8)
FNDA:0,(anonymous_9)
FNDA:0,(anonymous_10)
FNDA:0,(anonymous_11)
FNDA:0,(anonymous_12)
FNDA:0,(anonymous_13)
DA:28,0
DA:29,0
DA:43,0
DA:44,0
DA:45,0
DA:46,0
DA:49,0
DA:50,0
DA:54,0
DA:55,0
DA:59,0
DA:60,0
DA:64,0
DA:66,0
DA:67,0
DA:68,0
DA:75,0
DA:87,0
DA:98,0
DA:99,0
DA:102,0
DA:103,0
DA:104,0
DA:106,0
DA:107,0
DA:111,0
DA:121,0
DA:122,0
DA:126,0
DA:127,0
DA:130,0
DA:134,0
DA:191,1
LF:33
LH:1
BRDA:106,0,0,0
BRDA:106,0,1,0
BRDA:121,1,0,0
BRDA:121,1,1,0
BRF:4
BRH:0
end_of_record
TN:
SF:/Users/andeladeveloper/Desktop/Post-it-app/client/src/js/components/userChatBox.jsx
FN:19,(anonymous_0)
FN:35,(anonymous_1)
FN:47,(anonymous_2)
FN:77,(anonymous_3)
FN:79,(anonymous_4)
FNF:5
FNH:0
FNDA:0,(anonymous_0)
FNDA:0,(anonymous_1)
FNDA:0,(anonymous_2)
FNDA:0,(anonymous_3)
FNDA:0,(anonymous_4)
DA:20,0
DA:21,0
DA:25,0
DA:26,0
DA:36,0
DA:48,0
DA:49,0
DA:50,0
DA:53,0
DA:54,0
DA:58,0
DA:62,0
DA:63,0
DA:67,0
DA:78,0
DA:79,0
DA:80,0
DA:95,0
DA:134,2
LF:19
LH:1
BRDA:49,0,0,0
BRDA:49,0,1,0
BRF:2
BRH:0
end_of_record
TN:
SF:/Users/andeladeveloper/Desktop/Post-it-app/client/src/js/components/userCreateGroup.jsx
FN:1,(anonymous_0)
FN:1,defineProperties
FN:1,(anonymous_2)
FN:6,_interopRequireDefault
FN:6,_defineProperty
FN:6,_classCallCheck
FN:6,_possibleConstructorReturn
FN:6,_inherits
FN:14,(anonymous_8)
FN:20,CreateGroup
FN:43,onChange
FN:54,onSubmit
FN:67,(anonymous_12)
FN:76,(anonymous_13)
FN:90,handleSignOutEvent
FN:93,(anonymous_15)
FN:102,(anonymous_16)
FN:116,render
FNF:18
FNH:0
FNDA:0,(anonymous_0)
FNDA:0,defineProperties
FNDA:0,(anonymous_2)
FNDA:0,_interopRequireDefault
FNDA:0,_defineProperty
FNDA:0,_classCallCheck
FNDA:0,_possibleConstructorReturn
FNDA:0,_inherits
FNDA:0,(anonymous_8)
FNDA:0,CreateGroup
FNDA:0,onChange
FNDA:0,onSubmit
FNDA:0,(anonymous_12)
FNDA:0,(anonymous_13)
FNDA:0,handleSignOutEvent
FNDA:0,(anonymous_15)
FNDA:0,(anonymous_16)
FNDA:0,render
DA:1,0
DA:2,0
DA:3,0
DA:4,0
DA:5,0
DA:6,0
DA:14,0
DA:20,0
DA:21,0
DA:23,0
DA:32,0
DA:34,0
DA:36,0
DA:43,0
DA:45,0
DA:55,0
DA:56,0
DA:57,0
DA:66,0
DA:67,0
DA:68,0
DA:69,0
DA:74,0
DA:77,0
DA:78,0
DA:82,0
DA:91,0
DA:92,0
DA:94,0
DA:95,0
DA:99,0
DA:100,0
DA:101,0
DA:103,0
DA:104,0
DA:108,0
DA:118,0
DA:119,0
DA:123,0
DA:176,0
DA:180,0
LF:41
LH:0
BRDA:1,0,0,0
BRDA:1,0,1,0
BRDA:1,1,0,0
BRDA:1,1,1,0
BRDA:1,2,0,0
BRDA:1,2,1,0
BRDA:1,3,0,0
BRDA:1,3,1,0
BRDA:6,4,0,0
BRDA:6,4,1,0
BRDA:6,5,0,0
BRDA:6,5,1,0
BRDA:6,6,0,0
BRDA:6,6,1,0
BRDA:6,7,0,0
BRDA:6,7,1,0
BRDA:6,8,0,0
BRDA:6,8,1,0
BRDA:6,9,0,0
BRDA:6,9,1,0
BRDA:6,10,0,0
BRDA:6,10,1,0
BRDA:6,10,2,0
BRDA:6,11,0,0
BRDA:6,11,1,0
BRDA:6,12,0,0
BRDA:6,12,1,0
BRDA:6,13,0,0
BRDA:6,13,1,0
BRDA:6,14,0,0
BRDA:6,14,1,0
BRDA:6,15,0,0
BRDA:6,15,1,0
BRDA:21,16,0,0
BRDA:21,16,1,0
BRDA:68,17,0,0
BRDA:68,17,1,0
BRDA:77,18,0,0
BRDA:77,18,1,0
BRDA:94,19,0,0
BRDA:94,19,1,0
BRDA:103,20,0,0
BRDA:103,20,1,0
BRDA:118,21,0,0
BRDA:118,21,1,0
BRF:45
BRH:0
end_of_record
TN:
SF:/Users/andeladeveloper/Desktop/Post-it-app/client/src/js/components/userGroups.jsx
FN:20,(anonymous_0)
FN:29,(anonymous_1)
FN:34,(anonymous_2)
FN:40,(anonymous_3)
FN:45,(anonymous_4)
FN:55,(anonymous_5)
FNF:6
FNH:0
FNDA:0,(anonymous_0)
FNDA:0,(anonymous_1)
FNDA:0,(anonymous_2)
FNDA:0,(anonymous_3)
FNDA:0,(anonymous_4)
FNDA:0,(anonymous_5)
DA:21,0
DA:22,0
DA:25,0
DA:26,0
DA:30,0
DA:35,0
DA:41,0
DA:42,0
DA:46,0
DA:47,0
DA:56,0
DA:83,2
LF:12
LH:1
BRF:0
BRH:0
end_of_record
TN:
SF:/Users/andeladeveloper/Desktop/Post-it-app/client/src/js/components/userResetPassword.jsx
FN:17,(anonymous_0)
FN:31,(anonymous_1)
FN:42,(anonymous_2)
FN:54,(anonymous_3)
FN:60,(anonymous_4)
FN:79,(anonymous_5)
FNF:6
FNH:2
FNDA:1,(anonymous_0)
FNDA:0,(anonymous_1)
FNDA:0,(anonymous_2)
FNDA:0,(anonymous_3)
FNDA:0,(anonymous_4)
FNDA:1,(anonymous_5)
DA:18,1
DA:19,1
DA:23,1
DA:24,1
DA:32,0
DA:43,0
DA:44,0
DA:53,0
DA:55,0
DA:56,0
DA:59,0
DA:61,0
DA:62,0
DA:63,0
DA:67,0
DA:69,0
DA:80,1
LF:17
LH:5
BRDA:61,0,0,0
BRDA:61,0,1,0
BRF:2
BRH:0
end_of_record
TN:
SF:/Users/andeladeveloper/Desktop/Post-it-app/client/src/js/components/userSignIn.jsx
FN:23,(anonymous_0)
FN:44,(anonymous_1)
FN:55,(anonymous_2)
FN:68,(anonymous_3)
FN:78,(anonymous_4)
FN:97,(anonymous_5)
FN:103,(anonymous_6)
FN:105,(anonymous_7)
FN:125,(anonymous_8)
FNF:9
FNH:2
FNDA:1,(anonymous_0)
FNDA:0,(anonymous_1)
FNDA:0,(anonymous_2)
FNDA:0,(anonymous_3)
FNDA:0,(anonymous_4)
FNDA:0,(anonymous_5)
FNDA:0,(anonymous_6)
FNDA:0,(anonymous_7)
FNDA:1,(anonymous_8)
DA:24,1
DA:25,1
DA:34,1
DA:35,1
DA:36,1
DA:45,0
DA:56,0
DA:57,0
DA:67,0
DA:69,0
DA:74,0
DA:75,0
DA:76,0
DA:77,0
DA:79,0
DA:80,0
DA:84,0
DA:86,0
DA:98,0
DA:99,0
DA:100,0
DA:101,0
DA:102,0
DA:104,0
DA:106,0
DA:111,0
DA:112,0
DA:114,0
DA:115,0
DA:126,1
DA:205,1
LF:31
LH:7
BRDA:79,0,0,0
BRDA:79,0,1,0
BRF:2
BRH:0
end_of_record
TN:
SF:/Users/andeladeveloper/Desktop/Post-it-app/client/src/js/components/userSignUp.jsx
FN:18,(anonymous_0)
FN:38,(anonymous_1)
FN:49,(anonymous_2)
FN:79,(anonymous_3)
FN:86,(anonymous_4)
FN:108,(anonymous_5)
FNF:6
FNH:2
FNDA:2,(anonymous_0)
FNDA:0,(anonymous_1)
FNDA:0,(anonymous_2)
FNDA:0,(anonymous_3)
FNDA:0,(anonymous_4)
FNDA:2,(anonymous_5)
DA:19,2
DA:20,2
DA:28,2
DA:30,2
DA:39,0
DA:50,0
DA:51,0
DA:57,0
DA:58,0
DA:61,0
DA:62,0
DA:63,0
DA:66,0
DA:68,0
DA:78,0
DA:80,0
DA:83,0
DA:84,0
DA:87,0
DA:88,0
DA:91,0
DA:95,0
DA:109,2
DA:157,2
LF:24
LH:6
BRDA:57,0,0,0
BRDA:57,0,1,0
BRDA:62,1,0,0
BRDA:62,1,1,0
BRDA:87,2,0,0
BRDA:87,2,1,0
BRF:6
BRH:0
end_of_record
TN:
SF:/Users/andeladeveloper/Desktop/Post-it-app/client/src/js/constants/ActionConstants.js
FNF:0
FNH:0
DA:2,4
DA:3,4
DA:5,4
DA:6,4
DA:8,4
DA:9,4
DA:10,4
DA:12,4
DA:13,4
DA:14,4
DA:15,4
DA:17,4
DA:18,4
DA:19,4
DA:20,4
DA:23,4
DA:24,4
DA:25,4
LF:18
LH:18
BRF:0
BRH:0
end_of_record
TN:
SF:/Users/andeladeveloper/Desktop/Post-it-app/client/src/js/dispatcher/AppDispatcher.js
FNF:0
FNH:0
LF:0
LH:0
BRF:0
BRH:0
end_of_record
TN:
SF:/Users/andeladeveloper/Desktop/Post-it-app/client/src/js/stores/GroupStore.js
FN:17,(anonymous_0)
FN:28,(anonymous_1)
FN:38,(anonymous_2)
FNF:3
FNH:1
FNDA:2,(anonymous_0)
FNDA:0,(anonymous_1)
FNDA:0,(anonymous_2)
DA:18,2
DA:19,2
DA:20,2
DA:21,2
DA:29,0
DA:39,0
DA:41,0
DA:42,0
DA:43,0
DA:45,0
DA:46,0
DA:47,0
DA:54,2
DA:57,2
LF:14
LH:6
BRDA:39,0,0,0
BRDA:39,0,1,0
BRDA:39,0,2,0
BRF:3
BRH:0
end_of_record
TN:
SF:/Users/andeladeveloper/Desktop/Post-it-app/client/src/js/stores/MemberStore.js
FN:17,(anonymous_0)
FN:32,(anonymous_1)
FN:41,(anonymous_2)
FN:50,(anonymous_3)
FN:60,(anonymous_4)
FNF:5
FNH:1
FNDA:3,(anonymous_0)
FNDA:0,(anonymous_1)
FNDA:0,(anonymous_2)
FNDA:0,(anonymous_3)
FNDA:0,(anonymous_4)
DA:18,3
DA:19,3
DA:20,3
DA:21,3
DA:22,3
DA:23,3
DA:24,3
DA:25,3
DA:33,0
DA:42,0
DA:51,0
DA:61,0
DA:63,0
DA:64,0
DA:65,0
DA:68,0
DA:69,0
DA:70,0
DA:71,0
DA:74,0
DA:75,0
DA:76,0
DA:84,3
DA:87,3
LF:24
LH:10
BRDA:61,0,0,0
BRDA:61,0,1,0
BRDA:61,0,2,0
BRDA:61,0,3,0
BRF:4
BRH:0
end_of_record
TN:
SF:/Users/andeladeveloper/Desktop/Post-it-app/client/src/js/stores/MessageStore.js
FN:18,(anonymous_0)
FN:33,(anonymous_1)
FN:42,(anonymous_2)
FN:52,(anonymous_3)
FNF:4
FNH:1
FNDA:2,(anonymous_0)
FNDA:0,(anonymous_1)
FNDA:0,(anonymous_2)
FNDA:0,(anonymous_3)
DA:19,2
DA:20,2
DA:21,2
DA:23,2
DA:24,2
DA:25,2
DA:34,0
DA:43,0
DA:53,0
DA:55,0
DA:56,0
DA:57,0
DA:60,0
DA:61,0
DA:62,0
DA:65,0
DA:66,0
DA:67,0
DA:70,0
DA:71,0
DA:72,0
DA:80,2
DA:83,2
LF:23
LH:8
BRDA:53,0,0,0
BRDA:53,0,1,0
BRDA:53,0,2,0
BRDA:53,0,3,0
BRDA:53,0,4,0
BRF:5
BRH:0
end_of_record
TN:
SF:/Users/andeladeveloper/Desktop/Post-it-app/client/src/js/stores/SignInStore.js
FN:1,(anonymous_0)
FN:1,defineProperties
FN:1,(anonymous_2)
FN:3,_interopRequireDefault
FN:3,_classCallCheck
FN:3,_possibleConstructorReturn
FN:3,_inherits
FN:11,(anonymous_7)
FN:15,SignInStore
FN:25,handleActions
FNF:10
FNH:0
FNDA:0,(anonymous_0)
FNDA:0,defineProperties
FNDA:0,(anonymous_2)
FNDA:0,_interopRequireDefault
FNDA:0,_classCallCheck
FNDA:0,_possibleConstructorReturn
FNDA:0,_inherits
FNDA:0,(anonymous_7)
FNDA:0,SignInStore
FNDA:0,handleActions
DA:1,0
DA:2,0
DA:3,0
DA:11,0
DA:15,0
DA:17,0
DA:25,0
DA:27,0
DA:29,0
DA:30,0
DA:33,0
DA:34,0
DA:38,0
DA:42,0
DA:45,0
DA:48,0
LF:16
LH:0
BRDA:1,0,0,0
BRDA:1,0,1,0
BRDA:1,1,0,0
BRDA:1,1,1,0
BRDA:1,2,0,0
BRDA:1,2,1,0
BRDA:1,3,0,0
BRDA:1,3,1,0
BRDA:3,4,0,0
BRDA:3,4,1,0
BRDA:3,5,0,0
BRDA:3,5,1,0
BRDA:3,6,0,0
BRDA:3,6,1,0
BRDA:3,7,0,0
BRDA:3,7,1,0
BRDA:3,8,0,0
BRDA:3,8,1,0
BRDA:3,9,0,0
BRDA:3,9,1,0
BRDA:3,9,2,0
BRDA:3,10,0,0
BRDA:3,10,1,0
BRDA:3,11,0,0
BRDA:3,11,1,0
BRDA:3,12,0,0
BRDA:3,12,1,0
BRDA:3,13,0,0
BRDA:3,13,1,0
BRDA:3,14,0,0
BRDA:3,14,1,0
BRDA:15,15,0,0
BRDA:15,15,1,0
BRDA:27,16,0,0
BRDA:27,16,1,0
BRDA:27,16,2,0
BRF:36
BRH:0
end_of_record
TN:
SF:/Users/andeladeveloper/Desktop/Post-it-app/client/src/js/stores/SignOutStore.js
FN:1,(anonymous_0)
FN:1,defineProperties
FN:1,(anonymous_2)
FN:4,_interopRequireDefault
FN:4,_classCallCheck
FN:4,_possibleConstructorReturn
FN:4,_inherits
FN:12,(anonymous_7)
FN:16,SignOutStore
FN:26,handleActions
FNF:10
FNH:0
FNDA:0,(anonymous_0)
FNDA:0,defineProperties
FNDA:0,(anonymous_2)
FNDA:0,_interopRequireDefault
FNDA:0,_classCallCheck
FNDA:0,_possibleConstructorReturn
FNDA:0,_inherits
FNDA:0,(anonymous_7)
FNDA:0,SignOutStore
FNDA:0,handleActions
DA:1,0
DA:2,0
DA:3,0
DA:4,0
DA:12,0
DA:16,0
DA:18,0
DA:26,0
DA:28,0
DA:30,0
DA:31,0
DA:34,0
DA:35,0
DA:39,0
DA:43,0
DA:46,0
DA:49,0
LF:17
LH:0
BRDA:1,0,0,0
BRDA:1,0,1,0
BRDA:1,1,0,0
BRDA:1,1,1,0
BRDA:1,2,0,0
BRDA:1,2,1,0
BRDA:1,3,0,0
BRDA:1,3,1,0
BRDA:4,4,0,0
BRDA:4,4,1,0
BRDA:4,5,0,0
BRDA:4,5,1,0
BRDA:4,6,0,0
BRDA:4,6,1,0
BRDA:4,7,0,0
BRDA:4,7,1,0
BRDA:4,8,0,0
BRDA:4,8,1,0
BRDA:4,9,0,0
BRDA:4,9,1,0
BRDA:4,9,2,0
BRDA:4,10,0,0
BRDA:4,10,1,0
BRDA:4,11,0,0
BRDA:4,11,1,0
BRDA:4,12,0,0
BRDA:4,12,1,0
BRDA:4,13,0,0
BRDA:4,13,1,0
BRDA:4,14,0,0
BRDA:4,14,1,0
BRDA:16,15,0,0
BRDA:16,15,1,0
BRDA:28,16,0,0
BRDA:28,16,1,0
BRDA:28,16,2,0
BRF:36
BRH:0
end_of_record
TN:
SF:/Users/andeladeveloper/Desktop/Post-it-app/client/src/js/utils/utils.js
FN:6,(anonymous_0)
FN:17,(anonymous_1)
FN:18,(anonymous_2)
FN:20,(anonymous_3)
FN:29,(anonymous_4)
FN:44,(anonymous_5)
FN:59,(anonymous_6)
FN:60,(anonymous_7)
FN:62,(anonymous_8)
FN:71,(anonymous_9)
FN:72,(anonymous_10)
FN:92,(anonymous_11)
FN:93,(anonymous_12)
FNF:13
FNH:1
FNDA:6,(anonymous_0)
FNDA:0,(anonymous_1)
FNDA:0,(anonymous_2)
FNDA:0,(anonymous_3)
FNDA:0,(anonymous_4)
FNDA:0,(anonymous_5)
FNDA:0,(anonymous_6)
FNDA:0,(anonymous_7)
FNDA:0,(anonymous_8)
FNDA:0,(anonymous_9)
FNDA:0,(anonymous_10)
FNDA:0,(anonymous_11)
FNDA:0,(anonymous_12)
DA:6,7
DA:7,6
DA:8,1
DA:17,7
DA:18,0
DA:19,0
DA:20,0
DA:29,7
DA:30,0
DA:31,0
DA:32,0
DA:33,0
DA:35,0
DA:44,7
DA:46,0
DA:47,0
DA:49,0
DA:51,0
DA:59,7
DA:60,0
DA:61,0
DA:62,0
DA:63,0
DA:71,7
DA:72,0
DA:73,0
DA:74,0
DA:75,0
DA:76,0
DA:77,0
DA:78,0
DA:79,0
DA:80,0
DA:81,0
DA:84,0
DA:92,7
DA:93,0
LF:37
LH:9
BRDA:7,0,0,1
BRDA:7,0,1,5
BRDA:46,1,0,0
BRDA:46,1,1,0
BRF:4
BRH:2
end_of_record
TN:
SF:/Users/andeladeveloper/Desktop/Post-it-app/client/src/js/vendors/vendors.js
FNF:0
FNH:0
DA:2,1
LF:1
LH:1
BRF:0
BRH:0
end_of_record
