TN:
SF:/Users/andeladeveloper/Desktop/Post-it-app/webpack.config.js
FNF:0
FNH:0
DA:1,1
DA:2,1
DA:3,1
DA:4,1
DA:54,1
LF:5
LH:5
BRF:0
BRH:0
end_of_record
TN:
SF:/Users/andeladeveloper/Desktop/Post-it-app/server/server.js
FN:18,getCurrentUser
FN:19,(anonymous_2)
FN:20,(anonymous_3)
FN:35,(anonymous_4)
FN:36,(anonymous_5)
FNF:5
FNH:5
FNDA:25,getCurrentUser
FNDA:25,(anonymous_2)
FNDA:54,(anonymous_3)
FNDA:25,(anonymous_4)
FNDA:25,(anonymous_5)
DA:2,1
DA:3,1
DA:4,1
DA:5,1
DA:6,1
DA:7,1
DA:8,1
DA:9,1
DA:10,1
DA:11,1
DA:14,1
DA:15,1
DA:16,1
DA:19,25
DA:20,25
DA:22,54
DA:24,27
DA:26,54
DA:31,1
DA:32,1
DA:35,1
DA:36,25
DA:37,25
DA:38,25
DA:39,25
DA:40,25
DA:42,25
DA:50,1
DA:51,1
DA:56,1
DA:58,1
DA:61,1
DA:64,1
LF:33
LH:33
BRDA:14,0,0,1
BRDA:14,0,1,1
BRDA:22,1,0,27
BRDA:22,1,1,27
BRF:4
BRH:4
end_of_record
TN:
SF:/Users/andeladeveloper/Desktop/Post-it-app/server/config/dbConfig.js
FNF:0
FNH:0
DA:1,1
DA:2,1
DA:3,1
DA:4,1
DA:6,1
DA:7,1
DA:10,1
DA:12,1
DA:20,1
LF:9
LH:9
BRDA:6,0,0,1
BRDA:6,0,1,0
BRF:2
BRH:1
end_of_record
TN:
SF:/Users/andeladeveloper/Desktop/Post-it-app/server/config/usersRoutes.js
FN:9,(anonymous_1)
FN:15,(anonymous_2)
FN:20,(anonymous_3)
FN:21,(anonymous_4)
FN:41,(anonymous_5)
FN:45,(anonymous_6)
FN:52,(anonymous_7)
FN:56,(anonymous_8)
FN:59,(anonymous_9)
FN:65,(anonymous_10)
FN:71,(anonymous_11)
FN:75,(anonymous_12)
FN:80,(anonymous_13)
FN:84,(anonymous_14)
FN:88,(anonymous_15)
FN:92,(anonymous_16)
FN:95,(anonymous_17)
FN:98,(anonymous_18)
FN:103,(anonymous_19)
FN:110,(anonymous_20)
FN:118,(anonymous_21)
FN:122,(anonymous_22)
FN:132,(anonymous_23)
FN:134,(anonymous_24)
FN:141,(anonymous_25)
FN:146,(anonymous_26)
FN:152,(anonymous_27)
FN:153,(anonymous_28)
FN:158,(anonymous_29)
FN:160,(anonymous_30)
FN:166,(anonymous_31)
FN:167,(anonymous_32)
FN:172,(anonymous_33)
FN:178,(anonymous_34)
FN:184,(anonymous_35)
FN:187,(anonymous_36)
FN:192,(anonymous_37)
FN:203,(anonymous_38)
FN:209,(anonymous_39)
FN:211,(anonymous_40)
FN:217,(anonymous_41)
FN:226,(anonymous_42)
FN:233,(anonymous_43)
FN:234,(anonymous_44)
FN:239,(anonymous_45)
FN:241,(anonymous_46)
FN:243,(anonymous_47)
FN:244,(anonymous_48)
FN:249,(anonymous_49)
FN:259,(anonymous_50)
FN:264,(anonymous_51)
FN:271,(anonymous_52)
FN:273,(anonymous_53)
FN:277,(anonymous_54)
FN:283,(anonymous_55)
FN:285,(anonymous_56)
FN:286,(anonymous_57)
FN:291,(anonymous_58)
FN:293,(anonymous_59)
FN:297,(anonymous_60)
FNF:60
FNH:38
FNDA:1,(anonymous_1)
FNDA:4,(anonymous_2)
FNDA:1,(anonymous_3)
FNDA:1,(anonymous_4)
FNDA:1,(anonymous_5)
FNDA:3,(anonymous_6)
FNDA:4,(anonymous_7)
FNDA:1,(anonymous_8)
FNDA:1,(anonymous_9)
FNDA:1,(anonymous_10)
FNDA:1,(anonymous_11)
FNDA:3,(anonymous_12)
FNDA:0,(anonymous_13)
FNDA:0,(anonymous_14)
FNDA:0,(anonymous_15)
FNDA:3,(anonymous_16)
FNDA:0,(anonymous_17)
FNDA:3,(anonymous_18)
FNDA:2,(anonymous_19)
FNDA:1,(anonymous_20)
FNDA:0,(anonymous_21)
FNDA:0,(anonymous_22)
FNDA:1,(anonymous_23)
FNDA:1,(anonymous_24)
FNDA:2,(anonymous_25)
FNDA:1,(anonymous_26)
FNDA:1,(anonymous_27)
FNDA:0,(anonymous_28)
FNDA:1,(anonymous_29)
FNDA:1,(anonymous_30)
FNDA:1,(anonymous_31)
FNDA:0,(anonymous_32)
FNDA:2,(anonymous_33)
FNDA:1,(anonymous_34)
FNDA:1,(anonymous_35)
FNDA:0,(anonymous_36)
FNDA:2,(anonymous_37)
FNDA:1,(anonymous_38)
FNDA:1,(anonymous_39)
FNDA:0,(anonymous_40)
FNDA:1,(anonymous_41)
FNDA:0,(anonymous_42)
FNDA:1,(anonymous_43)
FNDA:0,(anonymous_44)
FNDA:2,(anonymous_45)
FNDA:1,(anonymous_46)
FNDA:1,(anonymous_47)
FNDA:1,(anonymous_48)
FNDA:0,(anonymous_49)
FNDA:0,(anonymous_50)
FNDA:0,(anonymous_51)
FNDA:0,(anonymous_52)
FNDA:0,(anonymous_53)
FNDA:0,(anonymous_54)
FNDA:0,(anonymous_55)
FNDA:0,(anonymous_56)
FNDA:0,(anonymous_57)
FNDA:1,(anonymous_58)
FNDA:1,(anonymous_59)
FNDA:0,(anonymous_60)
DA:1,1
DA:2,1
DA:3,1
DA:4,1
DA:5,1
DA:8,1
DA:10,1
DA:14,1
DA:16,4
DA:17,4
DA:18,4
DA:19,4
DA:20,1
DA:22,1
DA:23,1
DA:41,1
DA:45,3
DA:51,1
DA:53,4
DA:54,4
DA:55,4
DA:56,1
DA:60,1
DA:61,1
DA:66,1
DA:67,1
DA:71,1
DA:75,3
DA:79,1
DA:81,0
DA:82,0
DA:83,0
DA:84,0
DA:88,0
DA:91,1
DA:93,3
DA:94,3
DA:95,0
DA:98,3
DA:102,1
DA:104,2
DA:105,2
DA:106,2
DA:107,2
DA:111,1
DA:112,1
DA:114,0
DA:117,0
DA:119,0
DA:120,0
DA:121,0
DA:123,0
DA:124,0
DA:132,1
DA:134,1
DA:140,1
DA:142,2
DA:143,2
DA:147,1
DA:148,1
DA:152,1
DA:153,0
DA:157,1
DA:158,1
DA:161,1
DA:162,1
DA:166,1
DA:167,0
DA:171,1
DA:173,2
DA:174,2
DA:175,2
DA:179,1
DA:180,1
DA:184,1
DA:187,0
DA:191,1
DA:193,2
DA:194,2
DA:195,2
DA:196,2
DA:197,2
DA:204,1
DA:205,1
DA:209,1
DA:211,0
DA:216,1
DA:218,1
DA:219,1
DA:220,1
DA:221,1
DA:222,1
DA:223,0
DA:226,0
DA:228,1
DA:233,1
DA:234,0
DA:238,1
DA:239,2
DA:241,1
DA:243,1
DA:244,1
DA:248,1
DA:250,0
DA:251,0
DA:252,0
DA:253,0
DA:254,0
DA:255,0
DA:256,0
DA:260,0
DA:265,0
DA:266,0
DA:271,0
DA:273,0
DA:276,1
DA:278,0
DA:279,0
DA:280,0
DA:283,0
DA:285,0
DA:286,0
DA:290,1
DA:292,1
DA:294,1
DA:295,1
DA:297,0
LF:127
LH:88
BRDA:60,0,0,1
BRDA:60,0,1,0
BRDA:66,1,0,1
BRDA:66,1,1,0
BRDA:111,2,0,1
BRDA:111,2,1,0
BRDA:119,3,0,0
BRDA:119,3,1,0
BRDA:123,4,0,0
BRDA:123,4,1,0
BRDA:147,5,0,1
BRDA:147,5,1,0
BRDA:161,6,0,1
BRDA:161,6,1,0
BRDA:179,7,0,1
BRDA:179,7,1,0
BRDA:204,8,0,1
BRDA:204,8,1,0
BRDA:222,9,0,0
BRDA:222,9,1,1
BRDA:265,10,0,0
BRDA:265,10,1,0
BRF:22
BRH:8
end_of_record
